[debug] [2023-10-27T18:23:05.554Z] ----------------------------------------------------------------------
[debug] [2023-10-27T18:23:05.555Z] Command:       C:\Program Files\nodejs\node.exe C:\Users\Owner\AppData\Roaming\npm\node_modules\firebase-tools\lib\bin\firebase.js deploy --only hosting:avaadventurelog
[debug] [2023-10-27T18:23:05.555Z] CLI Version:   12.7.0
[debug] [2023-10-27T18:23:05.555Z] Platform:      win32
[debug] [2023-10-27T18:23:05.556Z] Node Version:  v18.17.0
[debug] [2023-10-27T18:23:05.556Z] Time:          Fri Oct 27 2023 12:23:05 GMT-0600 (Mountain Daylight Time)
[debug] [2023-10-27T18:23:05.556Z] ----------------------------------------------------------------------
[debug] 
[debug] [2023-10-27T18:23:05.601Z] > command requires scopes: ["email","openid","https://www.googleapis.com/auth/cloudplatformprojects.readonly","https://www.googleapis.com/auth/firebase","https://www.googleapis.com/auth/cloud-platform"]
[debug] [2023-10-27T18:23:05.601Z] > authorizing via signed-in user (taylor@salesprodigy.io)
[debug] [2023-10-27T18:23:05.601Z] [iam] checking project legato-1f46f for permissions ["firebase.projects.get","firebasehosting.sites.update"]
[debug] [2023-10-27T18:23:05.602Z] > refreshing access token with scopes: []
[debug] [2023-10-27T18:23:05.606Z] >>> [apiv2][query] POST https://www.googleapis.com/oauth2/v3/token [none]
[debug] [2023-10-27T18:23:05.606Z] >>> [apiv2][body] POST https://www.googleapis.com/oauth2/v3/token [omitted]
[debug] [2023-10-27T18:23:05.814Z] <<< [apiv2][status] POST https://www.googleapis.com/oauth2/v3/token 200
[debug] [2023-10-27T18:23:05.814Z] <<< [apiv2][body] POST https://www.googleapis.com/oauth2/v3/token [omitted]
[debug] [2023-10-27T18:23:05.822Z] >>> [apiv2][query] POST https://cloudresourcemanager.googleapis.com/v1/projects/legato-1f46f:testIamPermissions [none]
[debug] [2023-10-27T18:23:05.822Z] >>> [apiv2][(partial)header] POST https://cloudresourcemanager.googleapis.com/v1/projects/legato-1f46f:testIamPermissions x-goog-quota-user=projects/legato-1f46f
[debug] [2023-10-27T18:23:05.823Z] >>> [apiv2][body] POST https://cloudresourcemanager.googleapis.com/v1/projects/legato-1f46f:testIamPermissions {"permissions":["firebase.projects.get","firebasehosting.sites.update"]}
[debug] [2023-10-27T18:23:06.117Z] <<< [apiv2][status] POST https://cloudresourcemanager.googleapis.com/v1/projects/legato-1f46f:testIamPermissions 200
[debug] [2023-10-27T18:23:06.117Z] <<< [apiv2][body] POST https://cloudresourcemanager.googleapis.com/v1/projects/legato-1f46f:testIamPermissions {}
[debug] [2023-10-27T18:23:06.117Z] [iam] error while checking permissions, command may fail: FirebaseError: Authorization failed. This account is missing the following required permissions on project legato-1f46f:

  firebase.projects.get
  firebasehosting.sites.update
[debug] [2023-10-27T18:23:06.119Z] >>> [apiv2][query] GET https://firebase.googleapis.com/v1beta1/projects/legato-1f46f [none]
[debug] [2023-10-27T18:23:06.387Z] <<< [apiv2][status] GET https://firebase.googleapis.com/v1beta1/projects/legato-1f46f 403
[debug] [2023-10-27T18:23:06.387Z] <<< [apiv2][body] GET https://firebase.googleapis.com/v1beta1/projects/legato-1f46f {"error":{"code":403,"message":"The caller does not have permission","status":"PERMISSION_DENIED"}}
[debug] [2023-10-27T18:23:06.388Z] HTTP Error: 403, The caller does not have permission
[debug] [2023-10-27T18:23:06.476Z] FirebaseError: HTTP Error: 403, The caller does not have permission
    at responseToError (C:\Users\Owner\AppData\Roaming\npm\node_modules\firebase-tools\lib\responseToError.js:49:12)
    at RetryOperation._fn (C:\Users\Owner\AppData\Roaming\npm\node_modules\firebase-tools\lib\apiv2.js:285:77)
    at process.processTicksAndRejections (node:internal/process/task_queues:95:5)
[error] 
[error] Error: Failed to get Firebase project legato-1f46f. Please make sure the project exists and your account has permission to access it.
